<?xml version="1.0" encoding="UTF-8"?>
<!-- Generated by org.testng.reporters.JUnitReportReporter -->
<testsuite hostname="PRATAP-T430S" failures="0" tests="1" name="com.SdetHybrid1.testCases.TC_AddCustomerTest_003" time="14.179" errors="0" timestamp="28 Aug 2020 17:59:05 GMT" skipped="0">
  <testcase classname="com.SdetHybrid1.testCases.TC_AddCustomerTest_003" name="addNewCustomer" time="14.179"/>
</testsuite> <!-- com.SdetHybrid1.testCases.TC_AddCustomerTest_003 -->
