<?xml version="1.0" encoding="UTF-8"?>
<!-- Generated by org.testng.reporters.JUnitReportReporter -->
<testsuite skipped="0" hostname="PRATAP-T430S" name="com.SdetHybrid1.testCases.TC_AddCustomerTest_003" tests="1" failures="0" timestamp="10 Aug 2020 17:04:08 GMT" time="14.938" errors="0">
  <testcase name="addNewCustomer" time="14.938" classname="com.SdetHybrid1.testCases.TC_AddCustomerTest_003"/>
</testsuite> <!-- com.SdetHybrid1.testCases.TC_AddCustomerTest_003 -->
