<?xml version="1.0" encoding="UTF-8"?>
<!-- Generated by org.testng.reporters.JUnitReportReporter -->
<testsuite hostname="PRATAP-T430S" failures="0" tests="1" name="com.SdetHybrid1.testCases.TC_AddCustomerTest_003" time="15.934" errors="0" timestamp="26 Aug 2020 15:02:49 GMT" skipped="0">
  <testcase classname="com.SdetHybrid1.testCases.TC_AddCustomerTest_003" name="addNewCustomer" time="15.934"/>
</testsuite> <!-- com.SdetHybrid1.testCases.TC_AddCustomerTest_003 -->
